<?xml version="1.0" encoding="UTF-8"?>
<!-- Generated by org.testng.reporters.JUnitReportReporter -->
<testsuite hostname="DESKTOP-R98TUS7" failures="0" tests="2" name="runnerpackage.FabRunner" time="30.747" errors="0" timestamp="27 Sep 2023 08:35:40 GMT" skipped="0">
  <testcase classname="runnerpackage.FabRunner" name="runScenario" time="10.843"/>
  <testcase classname="runnerpackage.FabRunner" name="runScenario" time="19.904"/>
</testsuite> <!-- runnerpackage.FabRunner -->
